13:17:06.734 INFO  manager.ApplicationManager - All tests run in Chrome Browser
13:17:06.917 INFO  manager.WDListener - Url-->https://telranedu.web.app/
13:17:07.822 INFO  tests.TestBase - === Starting test: registrationExistUser ===
13:17:12.886 INFO  manager.TestNGListener - Start test --->registrationExistUser
13:17:12.886 INFO  manager.WDListener - Before find element -->By.xpath: //a[text() = 'LOGIN']
13:17:12.906 INFO  manager.WDListener - After find element -->By.xpath: //a[text() = 'LOGIN']
13:17:12.915 INFO  manager.WDListener - Location of element (2450, 34)
13:17:12.929 INFO  manager.WDListener - Before click element -->atext = LOGIN
13:17:12.981 INFO  manager.WDListener - After click element -->a
13:17:12.982 INFO  manager.WDListener - Before find element -->By.name: email
13:17:12.999 INFO  manager.WDListener - After find element -->By.name: email
13:17:13.007 INFO  manager.WDListener - Location of element (1080, 250)
13:17:13.007 INFO  manager.WDListener - Before click element -->inputtext = 
13:17:13.060 INFO  manager.WDListener - After click element -->input
13:17:13.109 INFO  manager.WDListener - sendKeys -->inputtext
13:17:13.109 INFO  manager.WDListener - Before find element -->By.xpath: //input[last()]
13:17:13.128 INFO  manager.WDListener - After find element -->By.xpath: //input[last()]
13:17:13.133 INFO  manager.WDListener - Location of element (1080, 320)
13:17:13.139 INFO  manager.WDListener - Before click element -->inputtext = 
13:17:13.176 INFO  manager.WDListener - After click element -->input
13:17:13.219 INFO  manager.WDListener - sendKeys -->inputtext
13:17:13.219 INFO  manager.WDListener - Before find element -->By.xpath: //button[text()='Registration']
13:17:13.224 INFO  manager.WDListener - After find element -->By.xpath: //button[text()='Registration']
13:17:13.242 INFO  manager.WDListener - Location of element (1330, 390)
13:17:13.250 INFO  manager.WDListener - Before click element -->buttontext = Registration
13:17:13.292 INFO  manager.WDListener - Before find element -->By.xpath: //button[normalize-space(text())='Ok']
13:17:14.390 INFO  manager.WDListener - Huston, we have a problem!
13:17:14.390 INFO  manager.WDListener - Object target --> ChromeDriver: chrome on windows (97ae3a5ebcaa293a1802bd10087c17c1)
13:17:14.390 INFO  manager.WDListener - ******************************
13:17:14.390 INFO  manager.WDListener - Method name -->findElement
13:17:14.390 INFO  manager.WDListener - ******************************
13:17:14.390 INFO  manager.WDListener - InvocationTargetExceptionorg.openqa.selenium.NoSuchElementException: Unable to find element with locator By.xpath: //button[normalize-space(text())='Ok']
For documentation on this error, please visit: https://www.selenium.dev/documentation/webdriver/troubleshooting/errors#no-such-element-exception
Build info: version: '4.16.1', revision: '9b4c83354e'
System info: os.name: 'Windows 11', os.arch: 'amd64', os.version: '10.0', java.version: '11.0.21'
Driver info: driver.version: RemoteWebDriver
13:17:14.390 INFO  manager.WDListener - ******************************
13:17:14.902 INFO  manager.WDListener - Before find element -->By.xpath: //button[normalize-space(text())='Ok']
13:17:19.934 INFO  manager.WDListener - Huston, we have a problem!
13:17:19.934 INFO  manager.WDListener - Object target --> ChromeDriver: chrome on windows (97ae3a5ebcaa293a1802bd10087c17c1)
13:17:19.934 INFO  manager.WDListener - ******************************
13:17:19.934 INFO  manager.WDListener - Method name -->findElement
13:17:19.934 INFO  manager.WDListener - ******************************
13:17:19.934 INFO  manager.WDListener - InvocationTargetExceptionorg.openqa.selenium.NoSuchElementException: no such element: Unable to locate element: {"method":"xpath","selector":"//button[normalize-space(text())='Ok']"}
  (Session info: chrome=137.0.7151.104)
For documentation on this error, please visit: https://www.selenium.dev/documentation/webdriver/troubleshooting/errors#no-such-element-exception
Build info: version: '4.16.1', revision: '9b4c83354e'
System info: os.name: 'Windows 11', os.arch: 'amd64', os.version: '10.0', java.version: '11.0.21'
Driver info: org.openqa.selenium.chrome.ChromeDriver
Command: [97ae3a5ebcaa293a1802bd10087c17c1, findElement {using=xpath, value=//button[normalize-space(text())='Ok']}]
Capabilities {acceptInsecureCerts: false, browserName: chrome, browserVersion: 137.0.7151.104, chrome: {chromedriverVersion: 137.0.7151.40 (84781974514a..., userDataDir: C:\Users\kalin\AppData\Loca...}, fedcm:accounts: true, goog:chromeOptions: {debuggerAddress: localhost:51436}, networkConnectionEnabled: false, pageLoadStrategy: normal, platformName: windows, proxy: Proxy(), se:cdp: ws://localhost:51436/devtoo..., se:cdpVersion: 137.0.7151.104, setWindowRect: true, strictFileInteractability: false, timeouts: {implicit: 0, pageLoad: 300000, script: 30000}, unhandledPromptBehavior: dismiss and notify, webauthn:extension:credBlob: true, webauthn:extension:largeBlob: true, webauthn:extension:minPinLength: true, webauthn:extension:prf: true, webauthn:virtualAuthenticators: true}
Session ID: 97ae3a5ebcaa293a1802bd10087c17c1
13:17:19.934 INFO  manager.WDListener - ******************************
13:17:20.199 INFO  manager.WDListener - Screen with error is --->src/test/screenshots/screen_1729.png
13:17:20.199 INFO  manager.TestNGListener - Success test --->registrationExistUser
13:17:20.199 INFO  tests.TestBase - === Starting test: registrationSuccess ===
13:17:25.210 INFO  manager.TestNGListener - Start test --->registrationSuccess
13:17:25.210 INFO  manager.WDListener - Before find element -->By.xpath: //a[text() = 'LOGIN']
13:17:25.226 INFO  manager.WDListener - After find element -->By.xpath: //a[text() = 'LOGIN']
13:17:25.226 INFO  manager.WDListener - Location of element (2448, 33)
13:17:25.241 INFO  manager.WDListener - Before click element -->atext = LOGIN
13:17:25.298 INFO  manager.WDListener - After click element -->a
13:17:25.299 INFO  manager.WDListener - Before find element -->By.name: email
13:17:25.310 INFO  manager.WDListener - After find element -->By.name: email
13:17:25.318 INFO  manager.WDListener - Location of element (1080, 281)
13:17:25.329 INFO  manager.WDListener - Before click element -->inputtext = 
13:17:25.368 INFO  manager.WDListener - After click element -->input
13:17:25.439 INFO  manager.WDListener - sendKeys -->inputtext
13:17:25.439 INFO  manager.WDListener - Before find element -->By.xpath: //input[last()]
13:17:25.453 INFO  manager.WDListener - After find element -->By.xpath: //input[last()]
13:17:25.458 INFO  manager.WDListener - Location of element (1080, 351)
13:17:25.469 INFO  manager.WDListener - Before click element -->inputtext = 
13:17:25.501 INFO  manager.WDListener - After click element -->input
13:17:25.569 INFO  manager.WDListener - sendKeys -->inputtext
13:17:25.569 INFO  manager.WDListener - Before find element -->By.xpath: //button[text()='Registration']
13:17:25.571 INFO  manager.WDListener - After find element -->By.xpath: //button[text()='Registration']
13:17:25.590 INFO  manager.WDListener - Location of element (1330, 421)
13:17:25.603 INFO  manager.WDListener - Before click element -->buttontext = Registration
13:17:25.993 INFO  manager.WDListener - Before find element -->By.cssSelector: .contact-page_message__2qafk>h1
13:17:26.416 INFO  manager.WDListener - After find element -->By.cssSelector: .contact-page_message__2qafk>h1
13:17:26.425 INFO  manager.WDListener - Location of element (1145, 271)
13:17:26.431 INFO  manager.TestNGListener - Success test --->registrationSuccess
13:17:26.431 INFO  tests.TestBase - === Starting test: registrationWrongEmail ===
13:17:26.441 INFO  manager.WDListener - Before find element -->By.xpath: //button[text()='Sign Out']
13:17:26.450 INFO  manager.WDListener - After find element -->By.xpath: //button[text()='Sign Out']
13:17:26.450 INFO  manager.WDListener - Location of element (2452, 39)
13:17:26.450 INFO  manager.WDListener - Before click element -->buttontext = Sign Out
13:17:26.499 INFO  manager.TestNGListener - Start test --->registrationWrongEmail
13:17:26.500 INFO  manager.WDListener - Before find element -->By.xpath: //a[text() = 'LOGIN']
13:17:26.508 INFO  manager.WDListener - After find element -->By.xpath: //a[text() = 'LOGIN']
13:17:26.512 INFO  manager.WDListener - Location of element (2448, 33)
13:17:26.519 INFO  manager.WDListener - Before click element -->atext = LOGIN
13:17:26.547 INFO  manager.WDListener - After click element -->a
13:17:26.547 INFO  manager.WDListener - Before find element -->By.name: email
13:17:26.554 INFO  manager.WDListener - After find element -->By.name: email
13:17:26.560 INFO  manager.WDListener - Location of element (1080, 250)
13:17:26.568 INFO  manager.WDListener - Before click element -->inputtext = 
13:17:26.616 INFO  manager.WDListener - After click element -->input
13:17:26.669 INFO  manager.WDListener - sendKeys -->inputtext
13:17:26.669 INFO  manager.WDListener - Before find element -->By.xpath: //input[last()]
13:17:26.669 INFO  manager.WDListener - After find element -->By.xpath: //input[last()]
13:17:26.688 INFO  manager.WDListener - Location of element (1080, 320)
13:17:26.697 INFO  manager.WDListener - Before click element -->inputtext = 
13:17:26.750 INFO  manager.WDListener - After click element -->input
13:17:26.787 INFO  manager.WDListener - sendKeys -->inputtext
13:17:26.787 INFO  manager.WDListener - Before find element -->By.xpath: //button[text()='Registration']
13:17:26.802 INFO  manager.WDListener - After find element -->By.xpath: //button[text()='Registration']
13:17:26.802 INFO  manager.WDListener - Location of element (1330, 390)
13:17:26.822 INFO  manager.WDListener - Before click element -->buttontext = Registration
13:17:26.860 INFO  manager.WDListener - Huston, we have a problem!
13:17:26.860 INFO  manager.WDListener - Object target --> org.openqa.selenium.remote.RemoteWebDriver$RemoteTargetLocator@6807a356
13:17:26.860 INFO  manager.WDListener - ******************************
13:17:26.860 INFO  manager.WDListener - Method name -->alert
13:17:26.860 INFO  manager.WDListener - ******************************
13:17:26.860 INFO  manager.WDListener - InvocationTargetExceptionorg.openqa.selenium.NoAlertPresentException: no such alert
  (Session info: chrome=137.0.7151.104)
Build info: version: '4.16.1', revision: '9b4c83354e'
System info: os.name: 'Windows 11', os.arch: 'amd64', os.version: '10.0', java.version: '11.0.21'
Driver info: org.openqa.selenium.chrome.ChromeDriver
Command: [97ae3a5ebcaa293a1802bd10087c17c1, getAlertText {}]
Capabilities {acceptInsecureCerts: false, browserName: chrome, browserVersion: 137.0.7151.104, chrome: {chromedriverVersion: 137.0.7151.40 (84781974514a..., userDataDir: C:\Users\kalin\AppData\Loca...}, fedcm:accounts: true, goog:chromeOptions: {debuggerAddress: localhost:51436}, networkConnectionEnabled: false, pageLoadStrategy: normal, platformName: windows, proxy: Proxy(), se:cdp: ws://localhost:51436/devtoo..., se:cdpVersion: 137.0.7151.104, setWindowRect: true, strictFileInteractability: false, timeouts: {implicit: 0, pageLoad: 300000, script: 30000}, unhandledPromptBehavior: dismiss and notify, webauthn:extension:credBlob: true, webauthn:extension:largeBlob: true, webauthn:extension:minPinLength: true, webauthn:extension:prf: true, webauthn:virtualAuthenticators: true}
Session ID: 97ae3a5ebcaa293a1802bd10087c17c1
13:17:26.860 INFO  manager.WDListener - ******************************
13:17:27.388 INFO  manager.WDListener - Before find element -->By.xpath: //button[normalize-space(text())='Ok']
13:17:32.427 INFO  manager.WDListener - Huston, we have a problem!
13:17:32.427 INFO  manager.WDListener - Object target --> ChromeDriver: chrome on windows (97ae3a5ebcaa293a1802bd10087c17c1)
13:17:32.427 INFO  manager.WDListener - ******************************
13:17:32.427 INFO  manager.WDListener - Method name -->findElement
13:17:32.427 INFO  manager.WDListener - ******************************
13:17:32.427 INFO  manager.WDListener - InvocationTargetExceptionorg.openqa.selenium.NoSuchElementException: no such element: Unable to locate element: {"method":"xpath","selector":"//button[normalize-space(text())='Ok']"}
  (Session info: chrome=137.0.7151.104)
For documentation on this error, please visit: https://www.selenium.dev/documentation/webdriver/troubleshooting/errors#no-such-element-exception
Build info: version: '4.16.1', revision: '9b4c83354e'
System info: os.name: 'Windows 11', os.arch: 'amd64', os.version: '10.0', java.version: '11.0.21'
Driver info: org.openqa.selenium.chrome.ChromeDriver
Command: [97ae3a5ebcaa293a1802bd10087c17c1, findElement {using=xpath, value=//button[normalize-space(text())='Ok']}]
Capabilities {acceptInsecureCerts: false, browserName: chrome, browserVersion: 137.0.7151.104, chrome: {chromedriverVersion: 137.0.7151.40 (84781974514a..., userDataDir: C:\Users\kalin\AppData\Loca...}, fedcm:accounts: true, goog:chromeOptions: {debuggerAddress: localhost:51436}, networkConnectionEnabled: false, pageLoadStrategy: normal, platformName: windows, proxy: Proxy(), se:cdp: ws://localhost:51436/devtoo..., se:cdpVersion: 137.0.7151.104, setWindowRect: true, strictFileInteractability: false, timeouts: {implicit: 0, pageLoad: 300000, script: 30000}, unhandledPromptBehavior: dismiss and notify, webauthn:extension:credBlob: true, webauthn:extension:largeBlob: true, webauthn:extension:minPinLength: true, webauthn:extension:prf: true, webauthn:virtualAuthenticators: true}
Session ID: 97ae3a5ebcaa293a1802bd10087c17c1
13:17:32.427 INFO  manager.WDListener - ******************************
13:17:32.696 INFO  manager.WDListener - Screen with error is --->src/test/screenshots/screen_1465.png
13:17:32.697 INFO  manager.TestNGListener - Success test --->registrationWrongEmail
13:17:32.697 INFO  tests.TestBase - === Starting test: registrationWrongPassword ===
13:17:37.710 INFO  manager.TestNGListener - Start test --->registrationWrongPassword
13:17:37.710 INFO  manager.WDListener - Before find element -->By.xpath: //a[text() = 'LOGIN']
13:17:37.723 INFO  manager.WDListener - After find element -->By.xpath: //a[text() = 'LOGIN']
13:17:37.727 INFO  manager.WDListener - Location of element (2448, 33)
13:17:37.734 INFO  manager.WDListener - Before click element -->atext = LOGIN
13:17:37.781 INFO  manager.WDListener - After click element -->a
13:17:37.781 INFO  manager.WDListener - Before find element -->By.name: email
13:17:37.791 INFO  manager.WDListener - After find element -->By.name: email
13:17:37.799 INFO  manager.WDListener - Location of element (1080, 281)
13:17:37.806 INFO  manager.WDListener - Before click element -->inputtext = 
13:17:37.843 INFO  manager.WDListener - After click element -->input
13:17:37.894 INFO  manager.WDListener - sendKeys -->inputtext
13:17:37.894 INFO  manager.WDListener - Before find element -->By.xpath: //input[last()]
13:17:37.902 INFO  manager.WDListener - After find element -->By.xpath: //input[last()]
13:17:37.915 INFO  manager.WDListener - Location of element (1080, 351)
13:17:37.923 INFO  manager.WDListener - Before click element -->inputtext = 
13:17:37.960 INFO  manager.WDListener - After click element -->input
13:17:38.011 INFO  manager.WDListener - sendKeys -->inputtext
13:17:38.011 INFO  manager.WDListener - Before find element -->By.xpath: //button[text()='Registration']
13:17:38.028 INFO  manager.WDListener - After find element -->By.xpath: //button[text()='Registration']
13:17:38.035 INFO  manager.WDListener - Location of element (1330, 421)
13:17:38.045 INFO  manager.WDListener - Before click element -->buttontext = Registration
13:17:38.082 INFO  manager.WDListener - Huston, we have a problem!
13:17:38.082 INFO  manager.WDListener - Object target --> org.openqa.selenium.remote.RemoteWebDriver$RemoteTargetLocator@29be997f
13:17:38.082 INFO  manager.WDListener - ******************************
13:17:38.082 INFO  manager.WDListener - Method name -->alert
13:17:38.082 INFO  manager.WDListener - ******************************
13:17:38.082 INFO  manager.WDListener - InvocationTargetExceptionorg.openqa.selenium.NoAlertPresentException: no such alert
  (Session info: chrome=137.0.7151.104)
Build info: version: '4.16.1', revision: '9b4c83354e'
System info: os.name: 'Windows 11', os.arch: 'amd64', os.version: '10.0', java.version: '11.0.21'
Driver info: org.openqa.selenium.chrome.ChromeDriver
Command: [97ae3a5ebcaa293a1802bd10087c17c1, getAlertText {}]
Capabilities {acceptInsecureCerts: false, browserName: chrome, browserVersion: 137.0.7151.104, chrome: {chromedriverVersion: 137.0.7151.40 (84781974514a..., userDataDir: C:\Users\kalin\AppData\Loca...}, fedcm:accounts: true, goog:chromeOptions: {debuggerAddress: localhost:51436}, networkConnectionEnabled: false, pageLoadStrategy: normal, platformName: windows, proxy: Proxy(), se:cdp: ws://localhost:51436/devtoo..., se:cdpVersion: 137.0.7151.104, setWindowRect: true, strictFileInteractability: false, timeouts: {implicit: 0, pageLoad: 300000, script: 30000}, unhandledPromptBehavior: dismiss and notify, webauthn:extension:credBlob: true, webauthn:extension:largeBlob: true, webauthn:extension:minPinLength: true, webauthn:extension:prf: true, webauthn:virtualAuthenticators: true}
Session ID: 97ae3a5ebcaa293a1802bd10087c17c1
13:17:38.082 INFO  manager.WDListener - ******************************
13:17:38.610 INFO  manager.WDListener - Before find element -->By.xpath: //button[normalize-space(text())='Ok']
13:17:43.679 INFO  manager.WDListener - Huston, we have a problem!
13:17:43.679 INFO  manager.WDListener - Object target --> ChromeDriver: chrome on windows (97ae3a5ebcaa293a1802bd10087c17c1)
13:17:43.679 INFO  manager.WDListener - ******************************
13:17:43.679 INFO  manager.WDListener - Method name -->findElement
13:17:43.679 INFO  manager.WDListener - ******************************
13:17:43.679 INFO  manager.WDListener - InvocationTargetExceptionorg.openqa.selenium.NoSuchElementException: no such element: Unable to locate element: {"method":"xpath","selector":"//button[normalize-space(text())='Ok']"}
  (Session info: chrome=137.0.7151.104)
For documentation on this error, please visit: https://www.selenium.dev/documentation/webdriver/troubleshooting/errors#no-such-element-exception
Build info: version: '4.16.1', revision: '9b4c83354e'
System info: os.name: 'Windows 11', os.arch: 'amd64', os.version: '10.0', java.version: '11.0.21'
Driver info: org.openqa.selenium.chrome.ChromeDriver
Command: [97ae3a5ebcaa293a1802bd10087c17c1, findElement {using=xpath, value=//button[normalize-space(text())='Ok']}]
Capabilities {acceptInsecureCerts: false, browserName: chrome, browserVersion: 137.0.7151.104, chrome: {chromedriverVersion: 137.0.7151.40 (84781974514a..., userDataDir: C:\Users\kalin\AppData\Loca...}, fedcm:accounts: true, goog:chromeOptions: {debuggerAddress: localhost:51436}, networkConnectionEnabled: false, pageLoadStrategy: normal, platformName: windows, proxy: Proxy(), se:cdp: ws://localhost:51436/devtoo..., se:cdpVersion: 137.0.7151.104, setWindowRect: true, strictFileInteractability: false, timeouts: {implicit: 0, pageLoad: 300000, script: 30000}, unhandledPromptBehavior: dismiss and notify, webauthn:extension:credBlob: true, webauthn:extension:largeBlob: true, webauthn:extension:minPinLength: true, webauthn:extension:prf: true, webauthn:virtualAuthenticators: true}
Session ID: 97ae3a5ebcaa293a1802bd10087c17c1
13:17:43.679 INFO  manager.WDListener - ******************************
13:17:43.948 INFO  manager.WDListener - Screen with error is --->src/test/screenshots/screen_1712.png
13:17:43.948 INFO  manager.TestNGListener - Success test --->registrationWrongPassword
