20:28:31.593 INFO  manager.ApplicationManager - All tests run in Chrome Browser
20:28:31.778 INFO  manager.WDListener - Url-->https://telranedu.web.app/
20:28:32.602 INFO  tests.TestBase - === Starting test: loginWrongPassword ===
20:28:37.601 INFO  manager.TestNGListener - Start test --->loginWrongPassword
20:28:37.601 INFO  manager.WDListener - Before find element -->By.xpath: //a[text() = 'LOGIN']
20:28:37.630 INFO  manager.WDListener - After find element -->By.xpath: //a[text() = 'LOGIN']
20:28:37.641 INFO  manager.WDListener - Location of element (2450, 34)
20:28:37.657 INFO  manager.WDListener - Before click element -->atext = LOGIN
20:28:37.710 INFO  manager.WDListener - After click element -->a
20:28:37.711 INFO  manager.WDListener - Before find element -->By.name: email
20:28:37.727 INFO  manager.WDListener - After find element -->By.name: email
20:28:37.728 INFO  manager.WDListener - Location of element (1080, 250)
20:28:37.743 INFO  manager.WDListener - Before click element -->inputtext = 
20:28:37.786 INFO  manager.WDListener - After click element -->input
20:28:37.835 INFO  manager.WDListener - sendKeys -->inputtext
20:28:37.835 INFO  manager.WDListener - Before find element -->By.xpath: //input[last()]
20:28:37.856 INFO  manager.WDListener - After find element -->By.xpath: //input[last()]
20:28:37.861 INFO  manager.WDListener - Location of element (1080, 320)
20:28:37.869 INFO  manager.WDListener - Before click element -->inputtext = 
20:28:37.907 INFO  manager.WDListener - After click element -->input
20:28:37.948 INFO  manager.WDListener - sendKeys -->inputtext
20:28:37.948 INFO  tests.TestBase - Test data --> email: mara1gmail.com & password: Ro3456$ 
20:28:37.948 INFO  manager.WDListener - Before find element -->By.cssSelector: button[name='login']
20:28:37.956 INFO  manager.WDListener - After find element -->By.cssSelector: button[name='login']
20:28:37.956 INFO  manager.WDListener - Location of element (1080, 390)
20:28:37.974 INFO  manager.WDListener - Before click element -->buttontext = Login
20:28:38.027 INFO  manager.WDListener - Huston, we have a problem!
20:28:38.027 INFO  manager.WDListener - Object target --> org.openqa.selenium.remote.RemoteWebDriver$RemoteTargetLocator@76b47204
20:28:38.027 INFO  manager.WDListener - ******************************
20:28:38.027 INFO  manager.WDListener - Method name -->alert
20:28:38.027 INFO  manager.WDListener - ******************************
20:28:38.027 INFO  manager.WDListener - InvocationTargetExceptionorg.openqa.selenium.NoAlertPresentException: no such alert
  (Session info: chrome=137.0.7151.104)
Build info: version: '4.16.1', revision: '9b4c83354e'
System info: os.name: 'Windows 11', os.arch: 'amd64', os.version: '10.0', java.version: '11.0.21'
Driver info: org.openqa.selenium.chrome.ChromeDriver
Command: [6c66d9f7243f8d3a5c8ba958c67c9d22, getAlertText {}]
Capabilities {acceptInsecureCerts: false, browserName: chrome, browserVersion: 137.0.7151.104, chrome: {chromedriverVersion: 137.0.7151.40 (84781974514a..., userDataDir: C:\Users\kalin\AppData\Loca...}, fedcm:accounts: true, goog:chromeOptions: {debuggerAddress: localhost:52976}, networkConnectionEnabled: false, pageLoadStrategy: normal, platformName: windows, proxy: Proxy(), se:cdp: ws://localhost:52976/devtoo..., se:cdpVersion: 137.0.7151.104, setWindowRect: true, strictFileInteractability: false, timeouts: {implicit: 0, pageLoad: 300000, script: 30000}, unhandledPromptBehavior: dismiss and notify, webauthn:extension:credBlob: true, webauthn:extension:largeBlob: true, webauthn:extension:minPinLength: true, webauthn:extension:prf: true, webauthn:virtualAuthenticators: true}
Session ID: 6c66d9f7243f8d3a5c8ba958c67c9d22
20:28:38.027 INFO  manager.WDListener - ******************************
20:28:38.547 INFO  manager.WDListener - Huston, we have a problem!
20:28:38.547 INFO  manager.WDListener - Object target --> org.openqa.selenium.remote.RemoteWebDriver$RemoteTargetLocator@2ddb3ae8
20:28:38.547 INFO  manager.WDListener - ******************************
20:28:38.547 INFO  manager.WDListener - Method name -->alert
20:28:38.547 INFO  manager.WDListener - ******************************
20:28:38.547 INFO  manager.WDListener - InvocationTargetExceptionorg.openqa.selenium.NoAlertPresentException: no such alert
  (Session info: chrome=137.0.7151.104)
Build info: version: '4.16.1', revision: '9b4c83354e'
System info: os.name: 'Windows 11', os.arch: 'amd64', os.version: '10.0', java.version: '11.0.21'
Driver info: org.openqa.selenium.chrome.ChromeDriver
Command: [6c66d9f7243f8d3a5c8ba958c67c9d22, getAlertText {}]
Capabilities {acceptInsecureCerts: false, browserName: chrome, browserVersion: 137.0.7151.104, chrome: {chromedriverVersion: 137.0.7151.40 (84781974514a..., userDataDir: C:\Users\kalin\AppData\Loca...}, fedcm:accounts: true, goog:chromeOptions: {debuggerAddress: localhost:52976}, networkConnectionEnabled: false, pageLoadStrategy: normal, platformName: windows, proxy: Proxy(), se:cdp: ws://localhost:52976/devtoo..., se:cdpVersion: 137.0.7151.104, setWindowRect: true, strictFileInteractability: false, timeouts: {implicit: 0, pageLoad: 300000, script: 30000}, unhandledPromptBehavior: dismiss and notify, webauthn:extension:credBlob: true, webauthn:extension:largeBlob: true, webauthn:extension:minPinLength: true, webauthn:extension:prf: true, webauthn:virtualAuthenticators: true}
Session ID: 6c66d9f7243f8d3a5c8ba958c67c9d22
20:28:38.547 INFO  manager.WDListener - ******************************
20:28:39.077 INFO  manager.WDListener - Huston, we have a problem!
20:28:39.077 INFO  manager.WDListener - Object target --> org.openqa.selenium.remote.RemoteWebDriver$RemoteTargetLocator@73809e7
20:28:39.077 INFO  manager.WDListener - ******************************
20:28:39.077 INFO  manager.WDListener - Method name -->alert
20:28:39.077 INFO  manager.WDListener - ******************************
20:28:39.077 INFO  manager.WDListener - InvocationTargetExceptionorg.openqa.selenium.NoAlertPresentException: no such alert
  (Session info: chrome=137.0.7151.104)
Build info: version: '4.16.1', revision: '9b4c83354e'
System info: os.name: 'Windows 11', os.arch: 'amd64', os.version: '10.0', java.version: '11.0.21'
Driver info: org.openqa.selenium.chrome.ChromeDriver
Command: [6c66d9f7243f8d3a5c8ba958c67c9d22, getAlertText {}]
Capabilities {acceptInsecureCerts: false, browserName: chrome, browserVersion: 137.0.7151.104, chrome: {chromedriverVersion: 137.0.7151.40 (84781974514a..., userDataDir: C:\Users\kalin\AppData\Loca...}, fedcm:accounts: true, goog:chromeOptions: {debuggerAddress: localhost:52976}, networkConnectionEnabled: false, pageLoadStrategy: normal, platformName: windows, proxy: Proxy(), se:cdp: ws://localhost:52976/devtoo..., se:cdpVersion: 137.0.7151.104, setWindowRect: true, strictFileInteractability: false, timeouts: {implicit: 0, pageLoad: 300000, script: 30000}, unhandledPromptBehavior: dismiss and notify, webauthn:extension:credBlob: true, webauthn:extension:largeBlob: true, webauthn:extension:minPinLength: true, webauthn:extension:prf: true, webauthn:virtualAuthenticators: true}
Session ID: 6c66d9f7243f8d3a5c8ba958c67c9d22
20:28:39.077 INFO  manager.WDListener - ******************************
20:28:39.606 INFO  tests.TestBase - Assert check is alert 'Wrong email or password' present
20:28:39.606 INFO  manager.TestNGListener - Success test --->loginWrongPassword
