20:29:11.767 INFO  manager.ApplicationManager - All tests run in Chrome Browser
20:29:11.953 INFO  manager.WDListener - Url-->https://telranedu.web.app/
20:29:12.820 INFO  tests.TestBase - === Starting test: loginUnregisteredUser ===
20:29:17.843 INFO  manager.TestNGListener - Start test --->loginUnregisteredUser
20:29:17.844 INFO  manager.WDListener - Before find element -->By.xpath: //a[text() = 'LOGIN']
20:29:17.854 INFO  manager.WDListener - After find element -->By.xpath: //a[text() = 'LOGIN']
20:29:17.866 INFO  manager.WDListener - Location of element (2450, 34)
20:29:17.886 INFO  manager.WDListener - Before click element -->atext = LOGIN
20:29:17.935 INFO  manager.WDListener - After click element -->a
20:29:17.936 INFO  manager.WDListener - Before find element -->By.name: email
20:29:17.950 INFO  manager.WDListener - After find element -->By.name: email
20:29:17.957 INFO  manager.WDListener - Location of element (1080, 250)
20:29:17.963 INFO  manager.WDListener - Before click element -->inputtext = 
20:29:18.004 INFO  manager.WDListener - After click element -->input
20:29:18.057 INFO  manager.WDListener - sendKeys -->inputtext
20:29:18.057 INFO  manager.WDListener - Before find element -->By.xpath: //input[last()]
20:29:18.071 INFO  manager.WDListener - After find element -->By.xpath: //input[last()]
20:29:18.077 INFO  manager.WDListener - Location of element (1080, 320)
20:29:18.083 INFO  manager.WDListener - Before click element -->inputtext = 
20:29:18.108 INFO  manager.WDListener - After click element -->input
20:29:18.153 INFO  manager.WDListener - sendKeys -->inputtext
20:29:18.153 INFO  tests.TestBase - Test data --> email: fima13@gmail.com & password: Roma3456$ 
20:29:18.153 INFO  manager.WDListener - Before find element -->By.cssSelector: button[name='login']
20:29:18.172 INFO  manager.WDListener - After find element -->By.cssSelector: button[name='login']
20:29:18.178 INFO  manager.WDListener - Location of element (1080, 390)
20:29:18.188 INFO  manager.WDListener - Before click element -->buttontext = Login
20:29:18.240 INFO  manager.WDListener - Huston, we have a problem!
20:29:18.241 INFO  manager.WDListener - Object target --> org.openqa.selenium.remote.RemoteWebDriver$RemoteTargetLocator@177c41d7
20:29:18.241 INFO  manager.WDListener - ******************************
20:29:18.241 INFO  manager.WDListener - Method name -->alert
20:29:18.241 INFO  manager.WDListener - ******************************
20:29:18.241 INFO  manager.WDListener - InvocationTargetExceptionorg.openqa.selenium.NoAlertPresentException: no such alert
  (Session info: chrome=137.0.7151.104)
Build info: version: '4.16.1', revision: '9b4c83354e'
System info: os.name: 'Windows 11', os.arch: 'amd64', os.version: '10.0', java.version: '11.0.21'
Driver info: org.openqa.selenium.chrome.ChromeDriver
Command: [340a78ca35ecf16b3d2614a5d3f6ab63, getAlertText {}]
Capabilities {acceptInsecureCerts: false, browserName: chrome, browserVersion: 137.0.7151.104, chrome: {chromedriverVersion: 137.0.7151.40 (84781974514a..., userDataDir: C:\Users\kalin\AppData\Loca...}, fedcm:accounts: true, goog:chromeOptions: {debuggerAddress: localhost:53027}, networkConnectionEnabled: false, pageLoadStrategy: normal, platformName: windows, proxy: Proxy(), se:cdp: ws://localhost:53027/devtoo..., se:cdpVersion: 137.0.7151.104, setWindowRect: true, strictFileInteractability: false, timeouts: {implicit: 0, pageLoad: 300000, script: 30000}, unhandledPromptBehavior: dismiss and notify, webauthn:extension:credBlob: true, webauthn:extension:largeBlob: true, webauthn:extension:minPinLength: true, webauthn:extension:prf: true, webauthn:virtualAuthenticators: true}
Session ID: 340a78ca35ecf16b3d2614a5d3f6ab63
20:29:18.241 INFO  manager.WDListener - ******************************
20:29:18.758 INFO  manager.WDListener - Huston, we have a problem!
20:29:18.758 INFO  manager.WDListener - Object target --> org.openqa.selenium.remote.RemoteWebDriver$RemoteTargetLocator@6848a051
20:29:18.758 INFO  manager.WDListener - ******************************
20:29:18.758 INFO  manager.WDListener - Method name -->alert
20:29:18.758 INFO  manager.WDListener - ******************************
20:29:18.758 INFO  manager.WDListener - InvocationTargetExceptionorg.openqa.selenium.NoAlertPresentException: no such alert
  (Session info: chrome=137.0.7151.104)
Build info: version: '4.16.1', revision: '9b4c83354e'
System info: os.name: 'Windows 11', os.arch: 'amd64', os.version: '10.0', java.version: '11.0.21'
Driver info: org.openqa.selenium.chrome.ChromeDriver
Command: [340a78ca35ecf16b3d2614a5d3f6ab63, getAlertText {}]
Capabilities {acceptInsecureCerts: false, browserName: chrome, browserVersion: 137.0.7151.104, chrome: {chromedriverVersion: 137.0.7151.40 (84781974514a..., userDataDir: C:\Users\kalin\AppData\Loca...}, fedcm:accounts: true, goog:chromeOptions: {debuggerAddress: localhost:53027}, networkConnectionEnabled: false, pageLoadStrategy: normal, platformName: windows, proxy: Proxy(), se:cdp: ws://localhost:53027/devtoo..., se:cdpVersion: 137.0.7151.104, setWindowRect: true, strictFileInteractability: false, timeouts: {implicit: 0, pageLoad: 300000, script: 30000}, unhandledPromptBehavior: dismiss and notify, webauthn:extension:credBlob: true, webauthn:extension:largeBlob: true, webauthn:extension:minPinLength: true, webauthn:extension:prf: true, webauthn:virtualAuthenticators: true}
Session ID: 340a78ca35ecf16b3d2614a5d3f6ab63
20:29:18.758 INFO  manager.WDListener - ******************************
20:29:19.288 INFO  manager.WDListener - Huston, we have a problem!
20:29:19.288 INFO  manager.WDListener - Object target --> org.openqa.selenium.remote.RemoteWebDriver$RemoteTargetLocator@6dc9da2d
20:29:19.288 INFO  manager.WDListener - ******************************
20:29:19.288 INFO  manager.WDListener - Method name -->alert
20:29:19.288 INFO  manager.WDListener - ******************************
20:29:19.288 INFO  manager.WDListener - InvocationTargetExceptionorg.openqa.selenium.NoAlertPresentException: no such alert
  (Session info: chrome=137.0.7151.104)
Build info: version: '4.16.1', revision: '9b4c83354e'
System info: os.name: 'Windows 11', os.arch: 'amd64', os.version: '10.0', java.version: '11.0.21'
Driver info: org.openqa.selenium.chrome.ChromeDriver
Command: [340a78ca35ecf16b3d2614a5d3f6ab63, getAlertText {}]
Capabilities {acceptInsecureCerts: false, browserName: chrome, browserVersion: 137.0.7151.104, chrome: {chromedriverVersion: 137.0.7151.40 (84781974514a..., userDataDir: C:\Users\kalin\AppData\Loca...}, fedcm:accounts: true, goog:chromeOptions: {debuggerAddress: localhost:53027}, networkConnectionEnabled: false, pageLoadStrategy: normal, platformName: windows, proxy: Proxy(), se:cdp: ws://localhost:53027/devtoo..., se:cdpVersion: 137.0.7151.104, setWindowRect: true, strictFileInteractability: false, timeouts: {implicit: 0, pageLoad: 300000, script: 30000}, unhandledPromptBehavior: dismiss and notify, webauthn:extension:credBlob: true, webauthn:extension:largeBlob: true, webauthn:extension:minPinLength: true, webauthn:extension:prf: true, webauthn:virtualAuthenticators: true}
Session ID: 340a78ca35ecf16b3d2614a5d3f6ab63
20:29:19.288 INFO  manager.WDListener - ******************************
20:29:19.819 INFO  tests.TestBase - Assert check is alert 'Wrong email or password' present
20:29:19.821 INFO  manager.TestNGListener - Success test --->loginUnregisteredUser
