00:57:14.212 INFO  manager.ApplicationManager - All tests run in Chrome Browser
00:57:14.213 INFO  manager.ApplicationManager - All tests run in Chrome Browser
00:57:14.464 INFO  manager.WDListener - Url-->https://telranedu.web.app/
00:57:15.169 INFO  tests.TestBase - === Starting test: loginWrongEmail ===
00:57:20.209 INFO  manager.TestNGListener - Start test --->loginWrongEmail
00:57:20.209 INFO  manager.WDListener - Before find element -->By.xpath: //a[text() = 'LOGIN']
00:57:20.233 INFO  manager.WDListener - After find element -->By.xpath: //a[text() = 'LOGIN']
00:57:20.241 INFO  manager.WDListener - Location of element (2450, 34)
00:57:20.257 INFO  manager.WDListener - Before click element -->atext = LOGIN
00:57:20.311 INFO  manager.WDListener - After click element -->a
00:57:20.314 INFO  manager.WDListener - Before find element -->By.name: email
00:57:20.331 INFO  manager.WDListener - After find element -->By.name: email
00:57:20.335 INFO  manager.WDListener - Location of element (1080, 250)
00:57:20.432 INFO  manager.WDListener - sendKeys -->inputtext
00:57:20.432 INFO  manager.WDListener - Before find element -->By.xpath: //input[last()]
00:57:20.451 INFO  manager.WDListener - After find element -->By.xpath: //input[last()]
00:57:20.457 INFO  manager.WDListener - Location of element (1080, 320)
00:57:20.527 INFO  manager.WDListener - sendKeys -->inputtext
00:57:20.527 INFO  tests.TestBase - Test data --> email: mara1gmail.com & password: Roma3456$ 
00:57:20.527 INFO  manager.WDListener - Before find element -->By.cssSelector: button[name='login']
00:57:20.541 INFO  manager.WDListener - After find element -->By.cssSelector: button[name='login']
00:57:20.548 INFO  manager.WDListener - Location of element (1080, 390)
00:57:20.558 INFO  manager.WDListener - Before click element -->buttontext = Login
00:57:20.618 INFO  manager.WDListener - Huston, we have a problem!
00:57:20.619 INFO  manager.WDListener - Object target --> org.openqa.selenium.remote.RemoteWebDriver$RemoteTargetLocator@77c10a5f
00:57:20.619 INFO  manager.WDListener - ******************************
00:57:20.619 INFO  manager.WDListener - Method name -->alert
00:57:20.619 INFO  manager.WDListener - ******************************
00:57:20.619 INFO  manager.WDListener - InvocationTargetExceptionorg.openqa.selenium.NoAlertPresentException: no such alert
  (Session info: chrome=137.0.7151.104)
Build info: version: '4.16.1', revision: '9b4c83354e'
System info: os.name: 'Windows 11', os.arch: 'amd64', os.version: '10.0', java.version: '11.0.21'
Driver info: org.openqa.selenium.chrome.ChromeDriver
Command: [3802cc562a6d092ed91ecb7b452e235d, getAlertText {}]
Capabilities {acceptInsecureCerts: false, browserName: chrome, browserVersion: 137.0.7151.104, chrome: {chromedriverVersion: 137.0.7151.40 (84781974514a..., userDataDir: C:\Users\kalin\AppData\Loca...}, fedcm:accounts: true, goog:chromeOptions: {debuggerAddress: localhost:52121}, networkConnectionEnabled: false, pageLoadStrategy: normal, platformName: windows, proxy: Proxy(), se:cdp: ws://localhost:52121/devtoo..., se:cdpVersion: 137.0.7151.104, setWindowRect: true, strictFileInteractability: false, timeouts: {implicit: 0, pageLoad: 300000, script: 30000}, unhandledPromptBehavior: dismiss and notify, webauthn:extension:credBlob: true, webauthn:extension:largeBlob: true, webauthn:extension:minPinLength: true, webauthn:extension:prf: true, webauthn:virtualAuthenticators: true}
Session ID: 3802cc562a6d092ed91ecb7b452e235d
00:57:20.619 INFO  manager.WDListener - ******************************
00:57:21.139 INFO  manager.WDListener - Huston, we have a problem!
00:57:21.139 INFO  manager.WDListener - Object target --> org.openqa.selenium.remote.RemoteWebDriver$RemoteTargetLocator@134ff8f8
00:57:21.139 INFO  manager.WDListener - ******************************
00:57:21.139 INFO  manager.WDListener - Method name -->alert
00:57:21.139 INFO  manager.WDListener - ******************************
00:57:21.139 INFO  manager.WDListener - InvocationTargetExceptionorg.openqa.selenium.NoAlertPresentException: no such alert
  (Session info: chrome=137.0.7151.104)
Build info: version: '4.16.1', revision: '9b4c83354e'
System info: os.name: 'Windows 11', os.arch: 'amd64', os.version: '10.0', java.version: '11.0.21'
Driver info: org.openqa.selenium.chrome.ChromeDriver
Command: [3802cc562a6d092ed91ecb7b452e235d, getAlertText {}]
Capabilities {acceptInsecureCerts: false, browserName: chrome, browserVersion: 137.0.7151.104, chrome: {chromedriverVersion: 137.0.7151.40 (84781974514a..., userDataDir: C:\Users\kalin\AppData\Loca...}, fedcm:accounts: true, goog:chromeOptions: {debuggerAddress: localhost:52121}, networkConnectionEnabled: false, pageLoadStrategy: normal, platformName: windows, proxy: Proxy(), se:cdp: ws://localhost:52121/devtoo..., se:cdpVersion: 137.0.7151.104, setWindowRect: true, strictFileInteractability: false, timeouts: {implicit: 0, pageLoad: 300000, script: 30000}, unhandledPromptBehavior: dismiss and notify, webauthn:extension:credBlob: true, webauthn:extension:largeBlob: true, webauthn:extension:minPinLength: true, webauthn:extension:prf: true, webauthn:virtualAuthenticators: true}
Session ID: 3802cc562a6d092ed91ecb7b452e235d
00:57:21.139 INFO  manager.WDListener - ******************************
00:57:21.656 INFO  manager.WDListener - Huston, we have a problem!
00:57:21.656 INFO  manager.WDListener - Object target --> org.openqa.selenium.remote.RemoteWebDriver$RemoteTargetLocator@34d45ec0
00:57:21.656 INFO  manager.WDListener - ******************************
00:57:21.656 INFO  manager.WDListener - Method name -->alert
00:57:21.656 INFO  manager.WDListener - ******************************
00:57:21.656 INFO  manager.WDListener - InvocationTargetExceptionorg.openqa.selenium.NoAlertPresentException: no such alert
  (Session info: chrome=137.0.7151.104)
Build info: version: '4.16.1', revision: '9b4c83354e'
System info: os.name: 'Windows 11', os.arch: 'amd64', os.version: '10.0', java.version: '11.0.21'
Driver info: org.openqa.selenium.chrome.ChromeDriver
Command: [3802cc562a6d092ed91ecb7b452e235d, getAlertText {}]
Capabilities {acceptInsecureCerts: false, browserName: chrome, browserVersion: 137.0.7151.104, chrome: {chromedriverVersion: 137.0.7151.40 (84781974514a..., userDataDir: C:\Users\kalin\AppData\Loca...}, fedcm:accounts: true, goog:chromeOptions: {debuggerAddress: localhost:52121}, networkConnectionEnabled: false, pageLoadStrategy: normal, platformName: windows, proxy: Proxy(), se:cdp: ws://localhost:52121/devtoo..., se:cdpVersion: 137.0.7151.104, setWindowRect: true, strictFileInteractability: false, timeouts: {implicit: 0, pageLoad: 300000, script: 30000}, unhandledPromptBehavior: dismiss and notify, webauthn:extension:credBlob: true, webauthn:extension:largeBlob: true, webauthn:extension:minPinLength: true, webauthn:extension:prf: true, webauthn:virtualAuthenticators: true}
Session ID: 3802cc562a6d092ed91ecb7b452e235d
00:57:21.656 INFO  manager.WDListener - ******************************
00:57:22.191 INFO  tests.TestBase - Assert check is alert 'Wrong email or password' present
00:57:22.192 INFO  manager.TestNGListener - Success test --->loginWrongEmail
00:57:22.192 INFO  tests.TestBase - === Starting test: registrationExistUser ===
00:57:27.241 INFO  manager.TestNGListener - Start test --->registrationExistUser
00:57:27.250 INFO  manager.WDListener - Before find element -->By.xpath: //a[text() = 'LOGIN']
00:57:27.252 INFO  manager.WDListener - After find element -->By.xpath: //a[text() = 'LOGIN']
00:57:27.252 INFO  manager.WDListener - Location of element (2448, 33)
00:57:27.266 INFO  manager.WDListener - Before click element -->atext = LOGIN
00:57:27.309 INFO  manager.WDListener - After click element -->a
00:57:27.309 INFO  manager.WDListener - Before find element -->By.name: email
00:57:27.320 INFO  manager.WDListener - After find element -->By.name: email
00:57:27.327 INFO  manager.WDListener - Location of element (1080, 281)
00:57:27.390 INFO  manager.WDListener - sendKeys -->inputtext
00:57:27.390 INFO  manager.WDListener - Before find element -->By.xpath: //input[last()]
00:57:27.397 INFO  manager.WDListener - After find element -->By.xpath: //input[last()]
00:57:27.406 INFO  manager.WDListener - Location of element (1080, 351)
00:57:27.458 INFO  manager.WDListener - sendKeys -->inputtext
00:57:27.458 INFO  manager.WDListener - Before find element -->By.xpath: //button[text()='Registration']
00:57:27.470 INFO  manager.WDListener - After find element -->By.xpath: //button[text()='Registration']
00:57:27.475 INFO  manager.WDListener - Location of element (1330, 421)
00:57:27.488 INFO  manager.WDListener - Before click element -->buttontext = Registration
00:57:27.526 INFO  manager.WDListener - Before find element -->By.xpath: //button[normalize-space(text())='Ok']
00:57:28.172 INFO  manager.WDListener - Huston, we have a problem!
00:57:28.172 INFO  manager.WDListener - Object target --> ChromeDriver: chrome on windows (3802cc562a6d092ed91ecb7b452e235d)
00:57:28.172 INFO  manager.WDListener - ******************************
00:57:28.172 INFO  manager.WDListener - Method name -->findElement
00:57:28.172 INFO  manager.WDListener - ******************************
00:57:28.172 INFO  manager.WDListener - InvocationTargetExceptionorg.openqa.selenium.NoSuchElementException: Unable to find element with locator By.xpath: //button[normalize-space(text())='Ok']
For documentation on this error, please visit: https://www.selenium.dev/documentation/webdriver/troubleshooting/errors#no-such-element-exception
Build info: version: '4.16.1', revision: '9b4c83354e'
System info: os.name: 'Windows 11', os.arch: 'amd64', os.version: '10.0', java.version: '11.0.21'
Driver info: driver.version: RemoteWebDriver
00:57:28.172 INFO  manager.WDListener - ******************************
00:57:28.681 INFO  manager.WDListener - Before find element -->By.xpath: //button[normalize-space(text())='Ok']
00:57:33.715 INFO  manager.WDListener - Huston, we have a problem!
00:57:33.715 INFO  manager.WDListener - Object target --> ChromeDriver: chrome on windows (3802cc562a6d092ed91ecb7b452e235d)
00:57:33.715 INFO  manager.WDListener - ******************************
00:57:33.715 INFO  manager.WDListener - Method name -->findElement
00:57:33.715 INFO  manager.WDListener - ******************************
00:57:33.715 INFO  manager.WDListener - InvocationTargetExceptionorg.openqa.selenium.NoSuchElementException: no such element: Unable to locate element: {"method":"xpath","selector":"//button[normalize-space(text())='Ok']"}
  (Session info: chrome=137.0.7151.104)
For documentation on this error, please visit: https://www.selenium.dev/documentation/webdriver/troubleshooting/errors#no-such-element-exception
Build info: version: '4.16.1', revision: '9b4c83354e'
System info: os.name: 'Windows 11', os.arch: 'amd64', os.version: '10.0', java.version: '11.0.21'
Driver info: org.openqa.selenium.chrome.ChromeDriver
Command: [3802cc562a6d092ed91ecb7b452e235d, findElement {using=xpath, value=//button[normalize-space(text())='Ok']}]
Capabilities {acceptInsecureCerts: false, browserName: chrome, browserVersion: 137.0.7151.104, chrome: {chromedriverVersion: 137.0.7151.40 (84781974514a..., userDataDir: C:\Users\kalin\AppData\Loca...}, fedcm:accounts: true, goog:chromeOptions: {debuggerAddress: localhost:52121}, networkConnectionEnabled: false, pageLoadStrategy: normal, platformName: windows, proxy: Proxy(), se:cdp: ws://localhost:52121/devtoo..., se:cdpVersion: 137.0.7151.104, setWindowRect: true, strictFileInteractability: false, timeouts: {implicit: 0, pageLoad: 300000, script: 30000}, unhandledPromptBehavior: dismiss and notify, webauthn:extension:credBlob: true, webauthn:extension:largeBlob: true, webauthn:extension:minPinLength: true, webauthn:extension:prf: true, webauthn:virtualAuthenticators: true}
Session ID: 3802cc562a6d092ed91ecb7b452e235d
00:57:33.715 INFO  manager.WDListener - ******************************
00:57:33.968 INFO  manager.WDListener - Screen with error is --->src/test/screenshots/screen_1589.png
00:57:33.968 INFO  manager.TestNGListener - Success test --->registrationExistUser
00:57:33.968 INFO  tests.TestBase - === Starting test: registrationSuccess ===
00:57:39.014 INFO  manager.TestNGListener - Start test --->registrationSuccess
00:57:39.014 INFO  manager.WDListener - Before find element -->By.xpath: //a[text() = 'LOGIN']
00:57:39.021 INFO  manager.WDListener - After find element -->By.xpath: //a[text() = 'LOGIN']
00:57:39.021 INFO  manager.WDListener - Location of element (2448, 33)
00:57:39.037 INFO  manager.WDListener - Before click element -->atext = LOGIN
00:57:39.086 INFO  manager.WDListener - After click element -->a
00:57:39.086 INFO  manager.WDListener - Before find element -->By.name: email
00:57:39.095 INFO  manager.WDListener - After find element -->By.name: email
00:57:39.102 INFO  manager.WDListener - Location of element (1080, 281)
00:57:39.168 INFO  manager.WDListener - sendKeys -->inputtext
00:57:39.168 INFO  manager.WDListener - Before find element -->By.xpath: //input[last()]
00:57:39.175 INFO  manager.WDListener - After find element -->By.xpath: //input[last()]
00:57:39.182 INFO  manager.WDListener - Location of element (1080, 351)
00:57:39.240 INFO  manager.WDListener - sendKeys -->inputtext
00:57:39.241 INFO  manager.WDListener - Before find element -->By.xpath: //button[text()='Registration']
00:57:39.250 INFO  manager.WDListener - After find element -->By.xpath: //button[text()='Registration']
00:57:39.256 INFO  manager.WDListener - Location of element (1330, 421)
00:57:39.264 INFO  manager.WDListener - Before click element -->buttontext = Registration
00:57:39.690 INFO  manager.WDListener - Before find element -->By.cssSelector: .contact-page_message__2qafk>h1
00:57:40.331 INFO  manager.WDListener - After find element -->By.cssSelector: .contact-page_message__2qafk>h1
00:57:40.337 INFO  manager.WDListener - Location of element (1145, 271)
00:57:40.341 INFO  manager.TestNGListener - Success test --->registrationSuccess
00:57:40.342 INFO  manager.WDListener - Before find element -->By.xpath: //a[text() = 'LOGIN']
00:57:45.374 INFO  manager.WDListener - Huston, we have a problem!
00:57:45.374 INFO  manager.WDListener - Object target --> ChromeDriver: chrome on windows (3802cc562a6d092ed91ecb7b452e235d)
00:57:45.374 INFO  manager.WDListener - ******************************
00:57:45.374 INFO  manager.WDListener - Method name -->findElement
00:57:45.374 INFO  manager.WDListener - ******************************
00:57:45.374 INFO  manager.WDListener - InvocationTargetExceptionorg.openqa.selenium.NoSuchElementException: no such element: Unable to locate element: {"method":"xpath","selector":"//a[text() = 'LOGIN']"}
  (Session info: chrome=137.0.7151.104)
For documentation on this error, please visit: https://www.selenium.dev/documentation/webdriver/troubleshooting/errors#no-such-element-exception
Build info: version: '4.16.1', revision: '9b4c83354e'
System info: os.name: 'Windows 11', os.arch: 'amd64', os.version: '10.0', java.version: '11.0.21'
Driver info: org.openqa.selenium.chrome.ChromeDriver
Command: [3802cc562a6d092ed91ecb7b452e235d, findElement {using=xpath, value=//a[text() = 'LOGIN']}]
Capabilities {acceptInsecureCerts: false, browserName: chrome, browserVersion: 137.0.7151.104, chrome: {chromedriverVersion: 137.0.7151.40 (84781974514a..., userDataDir: C:\Users\kalin\AppData\Loca...}, fedcm:accounts: true, goog:chromeOptions: {debuggerAddress: localhost:52121}, networkConnectionEnabled: false, pageLoadStrategy: normal, platformName: windows, proxy: Proxy(), se:cdp: ws://localhost:52121/devtoo..., se:cdpVersion: 137.0.7151.104, setWindowRect: true, strictFileInteractability: false, timeouts: {implicit: 0, pageLoad: 300000, script: 30000}, unhandledPromptBehavior: dismiss and notify, webauthn:extension:credBlob: true, webauthn:extension:largeBlob: true, webauthn:extension:minPinLength: true, webauthn:extension:prf: true, webauthn:virtualAuthenticators: true}
Session ID: 3802cc562a6d092ed91ecb7b452e235d
00:57:45.374 INFO  manager.WDListener - ******************************
00:57:45.652 INFO  manager.WDListener - Screen with error is --->src/test/screenshots/screen_1618.png
00:57:45.652 INFO  tests.TestBase - === Starting test: contactSuccessAll ===
00:57:45.652 INFO  manager.TestNGListener - Start test --->contactSuccessAll
00:57:45.652 INFO  manager.TestNGListener - Skipped test --->contactSuccessAll
00:57:45.652 INFO  manager.WDListener - Before find element -->By.xpath: //a[text() = 'LOGIN']
00:57:50.668 INFO  manager.WDListener - Huston, we have a problem!
00:57:50.668 INFO  manager.WDListener - Object target --> ChromeDriver: chrome on windows (3802cc562a6d092ed91ecb7b452e235d)
00:57:50.668 INFO  manager.WDListener - ******************************
00:57:50.668 INFO  manager.WDListener - Method name -->findElement
00:57:50.668 INFO  manager.WDListener - ******************************
00:57:50.668 INFO  manager.WDListener - InvocationTargetExceptionorg.openqa.selenium.NoSuchElementException: no such element: Unable to locate element: {"method":"xpath","selector":"//a[text() = 'LOGIN']"}
  (Session info: chrome=137.0.7151.104)
For documentation on this error, please visit: https://www.selenium.dev/documentation/webdriver/troubleshooting/errors#no-such-element-exception
Build info: version: '4.16.1', revision: '9b4c83354e'
System info: os.name: 'Windows 11', os.arch: 'amd64', os.version: '10.0', java.version: '11.0.21'
Driver info: org.openqa.selenium.chrome.ChromeDriver
Command: [3802cc562a6d092ed91ecb7b452e235d, findElement {using=xpath, value=//a[text() = 'LOGIN']}]
Capabilities {acceptInsecureCerts: false, browserName: chrome, browserVersion: 137.0.7151.104, chrome: {chromedriverVersion: 137.0.7151.40 (84781974514a..., userDataDir: C:\Users\kalin\AppData\Loca...}, fedcm:accounts: true, goog:chromeOptions: {debuggerAddress: localhost:52121}, networkConnectionEnabled: false, pageLoadStrategy: normal, platformName: windows, proxy: Proxy(), se:cdp: ws://localhost:52121/devtoo..., se:cdpVersion: 137.0.7151.104, setWindowRect: true, strictFileInteractability: false, timeouts: {implicit: 0, pageLoad: 300000, script: 30000}, unhandledPromptBehavior: dismiss and notify, webauthn:extension:credBlob: true, webauthn:extension:largeBlob: true, webauthn:extension:minPinLength: true, webauthn:extension:prf: true, webauthn:virtualAuthenticators: true}
Session ID: 3802cc562a6d092ed91ecb7b452e235d
00:57:50.668 INFO  manager.WDListener - ******************************
00:57:50.936 INFO  manager.WDListener - Screen with error is --->src/test/screenshots/screen_1081.png
00:57:50.939 INFO  tests.TestBase - === Starting test: removeFirstContact2 ===
00:57:50.939 INFO  manager.TestNGListener - Start test --->removeFirstContact2
00:57:50.939 INFO  manager.TestNGListener - Skipped test --->removeFirstContact2
