01:27:26.549 INFO  manager.ApplicationManager - All tests run in Chrome Browser
01:27:26.550 INFO  manager.ApplicationManager - All tests run in Chrome Browser
01:27:26.733 INFO  manager.WDListener - Url-->https://telranedu.web.app/
01:27:27.466 INFO  tests.TestBase - === Starting test: loginWrongEmail ===
01:27:32.490 INFO  manager.TestNGListener - Start test --->loginWrongEmail
01:27:32.493 INFO  manager.WDListener - Before find element -->By.xpath: //a[text()='LOGIN']
01:27:32.506 INFO  manager.WDListener - After find element -->By.xpath: //a[text()='LOGIN']
01:27:32.513 INFO  manager.WDListener - Location of element (2450, 34)
01:27:32.553 INFO  manager.WDListener - Before click element -->atext = LOGIN
01:27:32.602 INFO  manager.WDListener - After click element -->a
01:27:32.603 INFO  manager.WDListener - Before find element -->By.name: email
01:27:32.623 INFO  manager.WDListener - After find element -->By.name: email
01:27:32.630 INFO  manager.WDListener - Location of element (1080, 250)
01:27:32.638 INFO  manager.WDListener - Before find element -->By.name: email
01:27:32.647 INFO  manager.WDListener - After find element -->By.name: email
01:27:32.652 INFO  manager.WDListener - Location of element (1080, 250)
01:27:32.733 INFO  manager.WDListener - sendKeys -->inputtext
01:27:32.733 INFO  manager.WDListener - Before find element -->By.name: password
01:27:32.752 INFO  manager.WDListener - After find element -->By.name: password
01:27:32.758 INFO  manager.WDListener - Location of element (1080, 320)
01:27:32.815 INFO  manager.WDListener - sendKeys -->inputtext
01:27:32.815 INFO  tests.TestBase - Test data --> email: mara1gmail.com & password: Roma3456$ 
01:27:32.816 INFO  manager.WDListener - Before find element -->By.cssSelector: button[name='login']
01:27:32.830 INFO  manager.WDListener - After find element -->By.cssSelector: button[name='login']
01:27:32.835 INFO  manager.WDListener - Location of element (1080, 390)
01:27:32.843 INFO  manager.WDListener - Before click element -->buttontext = Login
01:27:32.908 INFO  manager.WDListener - Huston, we have a problem!
01:27:32.909 INFO  manager.WDListener - Object target --> org.openqa.selenium.remote.RemoteWebDriver$RemoteTargetLocator@7219ac49
01:27:32.909 INFO  manager.WDListener - ******************************
01:27:32.909 INFO  manager.WDListener - Method name -->alert
01:27:32.909 INFO  manager.WDListener - ******************************
01:27:32.909 INFO  manager.WDListener - InvocationTargetExceptionorg.openqa.selenium.NoAlertPresentException: no such alert
  (Session info: chrome=137.0.7151.104)
Build info: version: '4.16.1', revision: '9b4c83354e'
System info: os.name: 'Windows 11', os.arch: 'amd64', os.version: '10.0', java.version: '11.0.21'
Driver info: org.openqa.selenium.chrome.ChromeDriver
Command: [5fc05dd85b03613d4d9fd7a4537a3864, getAlertText {}]
Capabilities {acceptInsecureCerts: false, browserName: chrome, browserVersion: 137.0.7151.104, chrome: {chromedriverVersion: 137.0.7151.40 (84781974514a..., userDataDir: C:\Users\kalin\AppData\Loca...}, fedcm:accounts: true, goog:chromeOptions: {debuggerAddress: localhost:64292}, networkConnectionEnabled: false, pageLoadStrategy: normal, platformName: windows, proxy: Proxy(), se:cdp: ws://localhost:64292/devtoo..., se:cdpVersion: 137.0.7151.104, setWindowRect: true, strictFileInteractability: false, timeouts: {implicit: 0, pageLoad: 300000, script: 30000}, unhandledPromptBehavior: dismiss and notify, webauthn:extension:credBlob: true, webauthn:extension:largeBlob: true, webauthn:extension:minPinLength: true, webauthn:extension:prf: true, webauthn:virtualAuthenticators: true}
Session ID: 5fc05dd85b03613d4d9fd7a4537a3864
01:27:32.909 INFO  manager.WDListener - ******************************
01:27:33.424 INFO  manager.WDListener - Huston, we have a problem!
01:27:33.432 INFO  manager.WDListener - Object target --> org.openqa.selenium.remote.RemoteWebDriver$RemoteTargetLocator@40f35e52
01:27:33.432 INFO  manager.WDListener - ******************************
01:27:33.432 INFO  manager.WDListener - Method name -->alert
01:27:33.432 INFO  manager.WDListener - ******************************
01:27:33.432 INFO  manager.WDListener - InvocationTargetExceptionorg.openqa.selenium.NoAlertPresentException: no such alert
  (Session info: chrome=137.0.7151.104)
Build info: version: '4.16.1', revision: '9b4c83354e'
System info: os.name: 'Windows 11', os.arch: 'amd64', os.version: '10.0', java.version: '11.0.21'
Driver info: org.openqa.selenium.chrome.ChromeDriver
Command: [5fc05dd85b03613d4d9fd7a4537a3864, getAlertText {}]
Capabilities {acceptInsecureCerts: false, browserName: chrome, browserVersion: 137.0.7151.104, chrome: {chromedriverVersion: 137.0.7151.40 (84781974514a..., userDataDir: C:\Users\kalin\AppData\Loca...}, fedcm:accounts: true, goog:chromeOptions: {debuggerAddress: localhost:64292}, networkConnectionEnabled: false, pageLoadStrategy: normal, platformName: windows, proxy: Proxy(), se:cdp: ws://localhost:64292/devtoo..., se:cdpVersion: 137.0.7151.104, setWindowRect: true, strictFileInteractability: false, timeouts: {implicit: 0, pageLoad: 300000, script: 30000}, unhandledPromptBehavior: dismiss and notify, webauthn:extension:credBlob: true, webauthn:extension:largeBlob: true, webauthn:extension:minPinLength: true, webauthn:extension:prf: true, webauthn:virtualAuthenticators: true}
Session ID: 5fc05dd85b03613d4d9fd7a4537a3864
01:27:33.432 INFO  manager.WDListener - ******************************
01:27:33.952 INFO  manager.WDListener - Huston, we have a problem!
01:27:33.952 INFO  manager.WDListener - Object target --> org.openqa.selenium.remote.RemoteWebDriver$RemoteTargetLocator@59a79443
01:27:33.952 INFO  manager.WDListener - ******************************
01:27:33.952 INFO  manager.WDListener - Method name -->alert
01:27:33.952 INFO  manager.WDListener - ******************************
01:27:33.952 INFO  manager.WDListener - InvocationTargetExceptionorg.openqa.selenium.NoAlertPresentException: no such alert
  (Session info: chrome=137.0.7151.104)
Build info: version: '4.16.1', revision: '9b4c83354e'
System info: os.name: 'Windows 11', os.arch: 'amd64', os.version: '10.0', java.version: '11.0.21'
Driver info: org.openqa.selenium.chrome.ChromeDriver
Command: [5fc05dd85b03613d4d9fd7a4537a3864, getAlertText {}]
Capabilities {acceptInsecureCerts: false, browserName: chrome, browserVersion: 137.0.7151.104, chrome: {chromedriverVersion: 137.0.7151.40 (84781974514a..., userDataDir: C:\Users\kalin\AppData\Loca...}, fedcm:accounts: true, goog:chromeOptions: {debuggerAddress: localhost:64292}, networkConnectionEnabled: false, pageLoadStrategy: normal, platformName: windows, proxy: Proxy(), se:cdp: ws://localhost:64292/devtoo..., se:cdpVersion: 137.0.7151.104, setWindowRect: true, strictFileInteractability: false, timeouts: {implicit: 0, pageLoad: 300000, script: 30000}, unhandledPromptBehavior: dismiss and notify, webauthn:extension:credBlob: true, webauthn:extension:largeBlob: true, webauthn:extension:minPinLength: true, webauthn:extension:prf: true, webauthn:virtualAuthenticators: true}
Session ID: 5fc05dd85b03613d4d9fd7a4537a3864
01:27:33.952 INFO  manager.WDListener - ******************************
01:27:34.485 INFO  tests.TestBase - Assert check is alert 'Wrong email or password' present
01:27:34.485 INFO  manager.TestNGListener - Success test --->loginWrongEmail
01:27:34.485 INFO  tests.TestBase - === Starting test: registrationExistUser ===
01:27:39.553 INFO  manager.TestNGListener - Start test --->registrationExistUser
01:27:39.553 INFO  manager.WDListener - Before find element -->By.xpath: //a[text()='LOGIN']
01:27:39.563 INFO  manager.WDListener - After find element -->By.xpath: //a[text()='LOGIN']
01:27:39.563 INFO  manager.WDListener - Location of element (2448, 33)
01:27:39.583 INFO  manager.WDListener - Before click element -->atext = LOGIN
01:27:39.625 INFO  manager.WDListener - After click element -->a
01:27:39.625 INFO  manager.WDListener - Before find element -->By.name: email
01:27:39.636 INFO  manager.WDListener - After find element -->By.name: email
01:27:39.643 INFO  manager.WDListener - Location of element (1080, 281)
01:27:39.650 INFO  manager.WDListener - Before find element -->By.name: email
01:27:39.659 INFO  manager.WDListener - After find element -->By.name: email
01:27:39.663 INFO  manager.WDListener - Location of element (1080, 281)
01:27:39.731 INFO  manager.WDListener - sendKeys -->inputtext
01:27:39.732 INFO  manager.WDListener - Before find element -->By.name: password
01:27:39.741 INFO  manager.WDListener - After find element -->By.name: password
01:27:39.747 INFO  manager.WDListener - Location of element (1080, 351)
01:27:39.805 INFO  manager.WDListener - sendKeys -->inputtext
01:27:39.805 INFO  manager.WDListener - Before find element -->By.xpath: //button[text()='Registration']
01:27:39.817 INFO  manager.WDListener - After find element -->By.xpath: //button[text()='Registration']
01:27:39.823 INFO  manager.WDListener - Location of element (1330, 421)
01:27:39.835 INFO  manager.WDListener - Before click element -->buttontext = Registration
01:27:39.875 INFO  manager.WDListener - Before find element -->By.xpath: //button[normalize-space(text())='Ok']
01:27:40.297 INFO  manager.WDListener - Huston, we have a problem!
01:27:40.297 INFO  manager.WDListener - Object target --> ChromeDriver: chrome on windows (5fc05dd85b03613d4d9fd7a4537a3864)
01:27:40.297 INFO  manager.WDListener - ******************************
01:27:40.297 INFO  manager.WDListener - Method name -->findElement
01:27:40.297 INFO  manager.WDListener - ******************************
01:27:40.298 INFO  manager.WDListener - InvocationTargetExceptionorg.openqa.selenium.NoSuchElementException: Unable to find element with locator By.xpath: //button[normalize-space(text())='Ok']
For documentation on this error, please visit: https://www.selenium.dev/documentation/webdriver/troubleshooting/errors#no-such-element-exception
Build info: version: '4.16.1', revision: '9b4c83354e'
System info: os.name: 'Windows 11', os.arch: 'amd64', os.version: '10.0', java.version: '11.0.21'
Driver info: driver.version: RemoteWebDriver
01:27:40.298 INFO  manager.WDListener - ******************************
01:27:40.819 INFO  manager.WDListener - Before find element -->By.xpath: //button[normalize-space(text())='Ok']
01:27:45.834 INFO  manager.WDListener - Huston, we have a problem!
01:27:45.834 INFO  manager.WDListener - Object target --> ChromeDriver: chrome on windows (5fc05dd85b03613d4d9fd7a4537a3864)
01:27:45.834 INFO  manager.WDListener - ******************************
01:27:45.834 INFO  manager.WDListener - Method name -->findElement
01:27:45.834 INFO  manager.WDListener - ******************************
01:27:45.834 INFO  manager.WDListener - InvocationTargetExceptionorg.openqa.selenium.NoSuchElementException: no such element: Unable to locate element: {"method":"xpath","selector":"//button[normalize-space(text())='Ok']"}
  (Session info: chrome=137.0.7151.104)
For documentation on this error, please visit: https://www.selenium.dev/documentation/webdriver/troubleshooting/errors#no-such-element-exception
Build info: version: '4.16.1', revision: '9b4c83354e'
System info: os.name: 'Windows 11', os.arch: 'amd64', os.version: '10.0', java.version: '11.0.21'
Driver info: org.openqa.selenium.chrome.ChromeDriver
Command: [5fc05dd85b03613d4d9fd7a4537a3864, findElement {using=xpath, value=//button[normalize-space(text())='Ok']}]
Capabilities {acceptInsecureCerts: false, browserName: chrome, browserVersion: 137.0.7151.104, chrome: {chromedriverVersion: 137.0.7151.40 (84781974514a..., userDataDir: C:\Users\kalin\AppData\Loca...}, fedcm:accounts: true, goog:chromeOptions: {debuggerAddress: localhost:64292}, networkConnectionEnabled: false, pageLoadStrategy: normal, platformName: windows, proxy: Proxy(), se:cdp: ws://localhost:64292/devtoo..., se:cdpVersion: 137.0.7151.104, setWindowRect: true, strictFileInteractability: false, timeouts: {implicit: 0, pageLoad: 300000, script: 30000}, unhandledPromptBehavior: dismiss and notify, webauthn:extension:credBlob: true, webauthn:extension:largeBlob: true, webauthn:extension:minPinLength: true, webauthn:extension:prf: true, webauthn:virtualAuthenticators: true}
Session ID: 5fc05dd85b03613d4d9fd7a4537a3864
01:27:45.834 INFO  manager.WDListener - ******************************
01:27:46.109 INFO  manager.WDListener - Screen with error is --->src/test/screenshots/screen_1305.png
01:27:46.112 INFO  manager.TestNGListener - Success test --->registrationExistUser
01:27:46.113 INFO  tests.TestBase - === Starting test: registrationSuccess ===
01:27:51.122 INFO  manager.TestNGListener - Start test --->registrationSuccess
01:27:51.122 INFO  manager.WDListener - Before find element -->By.xpath: //a[text()='LOGIN']
01:27:51.129 INFO  manager.WDListener - After find element -->By.xpath: //a[text()='LOGIN']
01:27:51.136 INFO  manager.WDListener - Location of element (2448, 33)
01:27:51.153 INFO  manager.WDListener - Before click element -->atext = LOGIN
01:27:51.204 INFO  manager.WDListener - After click element -->a
01:27:51.204 INFO  manager.WDListener - Before find element -->By.name: email
01:27:51.213 INFO  manager.WDListener - After find element -->By.name: email
01:27:51.218 INFO  manager.WDListener - Location of element (1080, 281)
01:27:51.224 INFO  manager.WDListener - Before find element -->By.name: email
01:27:51.230 INFO  manager.WDListener - After find element -->By.name: email
01:27:51.236 INFO  manager.WDListener - Location of element (1080, 281)
01:27:51.305 INFO  manager.WDListener - sendKeys -->inputtext
01:27:51.305 INFO  manager.WDListener - Before find element -->By.name: password
01:27:51.313 INFO  manager.WDListener - After find element -->By.name: password
01:27:51.319 INFO  manager.WDListener - Location of element (1080, 351)
01:27:51.379 INFO  manager.WDListener - sendKeys -->inputtext
01:27:51.379 INFO  manager.WDListener - Before find element -->By.xpath: //button[text()='Registration']
01:27:51.387 INFO  manager.WDListener - After find element -->By.xpath: //button[text()='Registration']
01:27:51.391 INFO  manager.WDListener - Location of element (1330, 421)
01:27:51.400 INFO  manager.WDListener - Before click element -->buttontext = Registration
01:27:51.825 INFO  manager.WDListener - Before find element -->By.cssSelector: .contact-page_message__2qafk>h1
01:27:52.228 INFO  manager.WDListener - After find element -->By.cssSelector: .contact-page_message__2qafk>h1
01:27:52.233 INFO  manager.WDListener - Location of element (1145, 271)
01:27:52.242 INFO  manager.TestNGListener - Success test --->registrationSuccess
01:27:52.243 INFO  manager.WDListener - Before find element -->By.xpath: //a[text()='LOGIN']
01:27:57.243 INFO  manager.WDListener - Huston, we have a problem!
01:27:57.252 INFO  manager.WDListener - Object target --> ChromeDriver: chrome on windows (5fc05dd85b03613d4d9fd7a4537a3864)
01:27:57.252 INFO  manager.WDListener - ******************************
01:27:57.252 INFO  manager.WDListener - Method name -->findElement
01:27:57.252 INFO  manager.WDListener - ******************************
01:27:57.252 INFO  manager.WDListener - InvocationTargetExceptionorg.openqa.selenium.NoSuchElementException: no such element: Unable to locate element: {"method":"xpath","selector":"//a[text()='LOGIN']"}
  (Session info: chrome=137.0.7151.104)
For documentation on this error, please visit: https://www.selenium.dev/documentation/webdriver/troubleshooting/errors#no-such-element-exception
Build info: version: '4.16.1', revision: '9b4c83354e'
System info: os.name: 'Windows 11', os.arch: 'amd64', os.version: '10.0', java.version: '11.0.21'
Driver info: org.openqa.selenium.chrome.ChromeDriver
Command: [5fc05dd85b03613d4d9fd7a4537a3864, findElement {using=xpath, value=//a[text()='LOGIN']}]
Capabilities {acceptInsecureCerts: false, browserName: chrome, browserVersion: 137.0.7151.104, chrome: {chromedriverVersion: 137.0.7151.40 (84781974514a..., userDataDir: C:\Users\kalin\AppData\Loca...}, fedcm:accounts: true, goog:chromeOptions: {debuggerAddress: localhost:64292}, networkConnectionEnabled: false, pageLoadStrategy: normal, platformName: windows, proxy: Proxy(), se:cdp: ws://localhost:64292/devtoo..., se:cdpVersion: 137.0.7151.104, setWindowRect: true, strictFileInteractability: false, timeouts: {implicit: 0, pageLoad: 300000, script: 30000}, unhandledPromptBehavior: dismiss and notify, webauthn:extension:credBlob: true, webauthn:extension:largeBlob: true, webauthn:extension:minPinLength: true, webauthn:extension:prf: true, webauthn:virtualAuthenticators: true}
Session ID: 5fc05dd85b03613d4d9fd7a4537a3864
01:27:57.252 INFO  manager.WDListener - ******************************
01:27:57.517 INFO  manager.WDListener - Screen with error is --->src/test/screenshots/screen_1677.png
01:27:58.018 INFO  manager.WDListener - Before find element -->By.xpath: //a[text()='LOGIN']
01:28:03.083 INFO  manager.WDListener - Huston, we have a problem!
01:28:03.083 INFO  manager.WDListener - Object target --> ChromeDriver: chrome on windows (5fc05dd85b03613d4d9fd7a4537a3864)
01:28:03.083 INFO  manager.WDListener - ******************************
01:28:03.083 INFO  manager.WDListener - Method name -->findElement
01:28:03.083 INFO  manager.WDListener - ******************************
01:28:03.083 INFO  manager.WDListener - InvocationTargetExceptionorg.openqa.selenium.NoSuchElementException: no such element: Unable to locate element: {"method":"xpath","selector":"//a[text()='LOGIN']"}
  (Session info: chrome=137.0.7151.104)
For documentation on this error, please visit: https://www.selenium.dev/documentation/webdriver/troubleshooting/errors#no-such-element-exception
Build info: version: '4.16.1', revision: '9b4c83354e'
System info: os.name: 'Windows 11', os.arch: 'amd64', os.version: '10.0', java.version: '11.0.21'
Driver info: org.openqa.selenium.chrome.ChromeDriver
Command: [5fc05dd85b03613d4d9fd7a4537a3864, findElement {using=xpath, value=//a[text()='LOGIN']}]
Capabilities {acceptInsecureCerts: false, browserName: chrome, browserVersion: 137.0.7151.104, chrome: {chromedriverVersion: 137.0.7151.40 (84781974514a..., userDataDir: C:\Users\kalin\AppData\Loca...}, fedcm:accounts: true, goog:chromeOptions: {debuggerAddress: localhost:64292}, networkConnectionEnabled: false, pageLoadStrategy: normal, platformName: windows, proxy: Proxy(), se:cdp: ws://localhost:64292/devtoo..., se:cdpVersion: 137.0.7151.104, setWindowRect: true, strictFileInteractability: false, timeouts: {implicit: 0, pageLoad: 300000, script: 30000}, unhandledPromptBehavior: dismiss and notify, webauthn:extension:credBlob: true, webauthn:extension:largeBlob: true, webauthn:extension:minPinLength: true, webauthn:extension:prf: true, webauthn:virtualAuthenticators: true}
Session ID: 5fc05dd85b03613d4d9fd7a4537a3864
01:28:03.083 INFO  manager.WDListener - ******************************
01:28:03.334 INFO  manager.WDListener - Screen with error is --->src/test/screenshots/screen_1172.png
01:28:03.334 INFO  tests.TestBase - === Starting test: contactSuccessAll ===
01:28:03.334 INFO  manager.TestNGListener - Start test --->contactSuccessAll
01:28:03.334 INFO  manager.TestNGListener - Skipped test --->contactSuccessAll
01:28:03.334 INFO  manager.WDListener - Before find element -->By.xpath: //a[text()='LOGIN']
01:28:08.353 INFO  manager.WDListener - Huston, we have a problem!
01:28:08.353 INFO  manager.WDListener - Object target --> ChromeDriver: chrome on windows (5fc05dd85b03613d4d9fd7a4537a3864)
01:28:08.353 INFO  manager.WDListener - ******************************
01:28:08.353 INFO  manager.WDListener - Method name -->findElement
01:28:08.353 INFO  manager.WDListener - ******************************
01:28:08.353 INFO  manager.WDListener - InvocationTargetExceptionorg.openqa.selenium.NoSuchElementException: no such element: Unable to locate element: {"method":"xpath","selector":"//a[text()='LOGIN']"}
  (Session info: chrome=137.0.7151.104)
For documentation on this error, please visit: https://www.selenium.dev/documentation/webdriver/troubleshooting/errors#no-such-element-exception
Build info: version: '4.16.1', revision: '9b4c83354e'
System info: os.name: 'Windows 11', os.arch: 'amd64', os.version: '10.0', java.version: '11.0.21'
Driver info: org.openqa.selenium.chrome.ChromeDriver
Command: [5fc05dd85b03613d4d9fd7a4537a3864, findElement {using=xpath, value=//a[text()='LOGIN']}]
Capabilities {acceptInsecureCerts: false, browserName: chrome, browserVersion: 137.0.7151.104, chrome: {chromedriverVersion: 137.0.7151.40 (84781974514a..., userDataDir: C:\Users\kalin\AppData\Loca...}, fedcm:accounts: true, goog:chromeOptions: {debuggerAddress: localhost:64292}, networkConnectionEnabled: false, pageLoadStrategy: normal, platformName: windows, proxy: Proxy(), se:cdp: ws://localhost:64292/devtoo..., se:cdpVersion: 137.0.7151.104, setWindowRect: true, strictFileInteractability: false, timeouts: {implicit: 0, pageLoad: 300000, script: 30000}, unhandledPromptBehavior: dismiss and notify, webauthn:extension:credBlob: true, webauthn:extension:largeBlob: true, webauthn:extension:minPinLength: true, webauthn:extension:prf: true, webauthn:virtualAuthenticators: true}
Session ID: 5fc05dd85b03613d4d9fd7a4537a3864
01:28:08.353 INFO  manager.WDListener - ******************************
01:28:08.603 INFO  manager.WDListener - Screen with error is --->src/test/screenshots/screen_1191.png
01:28:09.107 INFO  manager.WDListener - Before find element -->By.xpath: //a[text()='LOGIN']
01:28:14.113 INFO  manager.WDListener - Huston, we have a problem!
01:28:14.113 INFO  manager.WDListener - Object target --> ChromeDriver: chrome on windows (5fc05dd85b03613d4d9fd7a4537a3864)
01:28:14.113 INFO  manager.WDListener - ******************************
01:28:14.113 INFO  manager.WDListener - Method name -->findElement
01:28:14.113 INFO  manager.WDListener - ******************************
01:28:14.113 INFO  manager.WDListener - InvocationTargetExceptionorg.openqa.selenium.NoSuchElementException: no such element: Unable to locate element: {"method":"xpath","selector":"//a[text()='LOGIN']"}
  (Session info: chrome=137.0.7151.104)
For documentation on this error, please visit: https://www.selenium.dev/documentation/webdriver/troubleshooting/errors#no-such-element-exception
Build info: version: '4.16.1', revision: '9b4c83354e'
System info: os.name: 'Windows 11', os.arch: 'amd64', os.version: '10.0', java.version: '11.0.21'
Driver info: org.openqa.selenium.chrome.ChromeDriver
Command: [5fc05dd85b03613d4d9fd7a4537a3864, findElement {using=xpath, value=//a[text()='LOGIN']}]
Capabilities {acceptInsecureCerts: false, browserName: chrome, browserVersion: 137.0.7151.104, chrome: {chromedriverVersion: 137.0.7151.40 (84781974514a..., userDataDir: C:\Users\kalin\AppData\Loca...}, fedcm:accounts: true, goog:chromeOptions: {debuggerAddress: localhost:64292}, networkConnectionEnabled: false, pageLoadStrategy: normal, platformName: windows, proxy: Proxy(), se:cdp: ws://localhost:64292/devtoo..., se:cdpVersion: 137.0.7151.104, setWindowRect: true, strictFileInteractability: false, timeouts: {implicit: 0, pageLoad: 300000, script: 30000}, unhandledPromptBehavior: dismiss and notify, webauthn:extension:credBlob: true, webauthn:extension:largeBlob: true, webauthn:extension:minPinLength: true, webauthn:extension:prf: true, webauthn:virtualAuthenticators: true}
Session ID: 5fc05dd85b03613d4d9fd7a4537a3864
01:28:14.113 INFO  manager.WDListener - ******************************
01:28:14.355 INFO  manager.WDListener - Screen with error is --->src/test/screenshots/screen_1104.png
01:28:14.355 INFO  tests.TestBase - === Starting test: removeFirstContact2 ===
01:28:14.355 INFO  manager.TestNGListener - Start test --->removeFirstContact2
01:28:14.355 INFO  manager.TestNGListener - Skipped test --->removeFirstContact2
